<?xml version="1.0" encoding="UTF-8"?>
<!-- Generated by org.testng.reporters.JUnitReportReporter -->
<testsuite hostname="Vinit-4Selenium" name="org.vinit.sampleTest.GmailPageOpen" tests="1" failures="0" timestamp="16 May 2014 20:11:02 GMT" time="6.333" errors="0">
  <testcase name="thisIsFirstTest" time="6.333" classname="org.vinit.sampleTest.GmailPageOpen"/>
</testsuite> <!-- org.vinit.sampleTest.GmailPageOpen -->
